Build output check failed:
    Regex: 'command[- ]line option .* is valid for .* but not for C'
    Output line: 'cc1: warning: command-line option ‘-Wnon-virtual-dtor’ is valid for C++/ObjC++ but not for C'
Compilation failed:
    source file: '/home/wolfie/hmdcam/opencv-build/CMakeFiles/CMakeTmp/src.c'
    check option: ' -fsigned-char -W -Wall -Wreturn-type  -Wnon-virtual-dtor'
===== BUILD LOG =====
Change Dir: /home/wolfie/hmdcam/opencv-build/CMakeFiles/CMakeTmp

Run Build Command(s):/usr/bin/ninja cmTC_a205c && [1/2] Building C object CMakeFiles/cmTC_a205c.dir/src.c.o
cc1: warning: command-line option ‘-Wnon-virtual-dtor’ is valid for C++/ObjC++ but not for C
/home/wolfie/hmdcam/opencv-build/CMakeFiles/CMakeTmp/src.c:1: warning: ignoring ‘#pragma  ’ [-Wunknown-pragmas]
    1 | #pragma
      | 
[2/2] Linking C executable cmTC_a205c


===== END =====

Build output check failed:
    Regex: 'command[- ]line option .* is valid for .* but not for C\+\+'
    Output line: 'cc1plus: warning: command-line option ‘-Wmissing-prototypes’ is valid for C/ObjC but not for C++'
Compilation failed:
    source file: '/home/wolfie/hmdcam/opencv-build/CMakeFiles/CMakeTmp/src.cxx'
    check option: ' -fsigned-char -W -Wall -Wreturn-type -Wnon-virtual-dtor -Waddress -Wsequence-point -Wformat -Wformat-security -Wmissing-declarations  -Wmissing-prototypes'
===== BUILD LOG =====
Change Dir: /home/wolfie/hmdcam/opencv-build/CMakeFiles/CMakeTmp

Run Build Command(s):/usr/bin/ninja cmTC_479f8 && [1/2] Building CXX object CMakeFiles/cmTC_479f8.dir/src.cxx.o
cc1plus: warning: command-line option ‘-Wmissing-prototypes’ is valid for C/ObjC but not for C++
/home/wolfie/hmdcam/opencv-build/CMakeFiles/CMakeTmp/src.cxx:1: warning: ignoring ‘#pragma  ’ [-Wunknown-pragmas]
    1 | #pragma
      | 
[2/2] Linking CXX executable cmTC_479f8


===== END =====

Build output check failed:
    Regex: 'command[- ]line option .* is valid for .* but not for C\+\+'
    Output line: 'cc1plus: warning: command-line option ‘-Wstrict-prototypes’ is valid for C/ObjC but not for C++'
Compilation failed:
    source file: '/home/wolfie/hmdcam/opencv-build/CMakeFiles/CMakeTmp/src.cxx'
    check option: ' -fsigned-char -W -Wall -Wreturn-type -Wnon-virtual-dtor -Waddress -Wsequence-point -Wformat -Wformat-security -Wmissing-declarations  -Wstrict-prototypes'
===== BUILD LOG =====
Change Dir: /home/wolfie/hmdcam/opencv-build/CMakeFiles/CMakeTmp

Run Build Command(s):/usr/bin/ninja cmTC_fb9af && [1/2] Building CXX object CMakeFiles/cmTC_fb9af.dir/src.cxx.o
cc1plus: warning: command-line option ‘-Wstrict-prototypes’ is valid for C/ObjC but not for C++
/home/wolfie/hmdcam/opencv-build/CMakeFiles/CMakeTmp/src.cxx:1: warning: ignoring ‘#pragma  ’ [-Wunknown-pragmas]
    1 | #pragma
      | 
[2/2] Linking CXX executable cmTC_fb9af


===== END =====

Build output check failed:
    Regex: 'command[- ]line option .* is valid for .* but not for C'
    Output line: 'cc1: warning: command-line option ‘-Wsign-promo’ is valid for C++/ObjC++ but not for C'
Compilation failed:
    source file: '/home/wolfie/hmdcam/opencv-build/CMakeFiles/CMakeTmp/src.c'
    check option: ' -fsigned-char -W -Wall -Wreturn-type -Waddress -Wsequence-point -Wformat -Wformat-security -Wmissing-declarations -Wmissing-prototypes -Wstrict-prototypes -Wundef -Winit-self -Wpointer-arith -Wshadow  -Wsign-promo'
===== BUILD LOG =====
Change Dir: /home/wolfie/hmdcam/opencv-build/CMakeFiles/CMakeTmp

Run Build Command(s):/usr/bin/ninja cmTC_a681d && [1/2] Building C object CMakeFiles/cmTC_a681d.dir/src.c.o
cc1: warning: command-line option ‘-Wsign-promo’ is valid for C++/ObjC++ but not for C
/home/wolfie/hmdcam/opencv-build/CMakeFiles/CMakeTmp/src.c:1: warning: ignoring ‘#pragma  ’ [-Wunknown-pragmas]
    1 | #pragma
      | 
[2/2] Linking C executable cmTC_a681d


===== END =====

Build output check failed:
    Regex: 'command[- ]line option .* is valid for .* but not for C'
    Output line: 'cc1: warning: command-line option ‘-Wsuggest-override’ is valid for C++/ObjC++ but not for C'
Compilation failed:
    source file: '/home/wolfie/hmdcam/opencv-build/CMakeFiles/CMakeTmp/src.c'
    check option: ' -fsigned-char -W -Wall -Wreturn-type -Waddress -Wsequence-point -Wformat -Wformat-security -Wmissing-declarations -Wmissing-prototypes -Wstrict-prototypes -Wundef -Winit-self -Wpointer-arith -Wshadow -Wuninitialized  -Wsuggest-override'
===== BUILD LOG =====
Change Dir: /home/wolfie/hmdcam/opencv-build/CMakeFiles/CMakeTmp

Run Build Command(s):/usr/bin/ninja cmTC_04667 && [1/2] Building C object CMakeFiles/cmTC_04667.dir/src.c.o
cc1: warning: command-line option ‘-Wsuggest-override’ is valid for C++/ObjC++ but not for C
/home/wolfie/hmdcam/opencv-build/CMakeFiles/CMakeTmp/src.c:1: warning: ignoring ‘#pragma  ’ [-Wunknown-pragmas]
    1 | #pragma
      | 
[2/2] Linking C executable cmTC_04667


===== END =====

Build output check failed:
    Regex: 'command[- ]line option .* is valid for .* but not for C'
    Output line: 'cc1: warning: command-line option ‘-Wno-delete-non-virtual-dtor’ is valid for C++/ObjC++ but not for C'
Compilation failed:
    source file: '/home/wolfie/hmdcam/opencv-build/CMakeFiles/CMakeTmp/src.c'
    check option: ' -fsigned-char -W -Wall -Wreturn-type -Waddress -Wsequence-point -Wformat -Wformat-security -Wmissing-declarations -Wmissing-prototypes -Wstrict-prototypes -Wundef -Winit-self -Wpointer-arith -Wshadow -Wuninitialized  -Wno-delete-non-virtual-dtor'
===== BUILD LOG =====
Change Dir: /home/wolfie/hmdcam/opencv-build/CMakeFiles/CMakeTmp

Run Build Command(s):/usr/bin/ninja cmTC_bd376 && [1/2] Building C object CMakeFiles/cmTC_bd376.dir/src.c.o
cc1: warning: command-line option ‘-Wno-delete-non-virtual-dtor’ is valid for C++/ObjC++ but not for C
/home/wolfie/hmdcam/opencv-build/CMakeFiles/CMakeTmp/src.c:1: warning: ignoring ‘#pragma  ’ [-Wunknown-pragmas]
    1 | #pragma
      | 
[2/2] Linking C executable cmTC_bd376


===== END =====

Build output check failed:
    Regex: 'unrecognized .*option'
    Output line: 'cc1plus: note: unrecognized command-line option ‘-Wno-unnamed-type-template-args’ may have been intended to silence earlier diagnostics'
Compilation failed:
    source file: '/home/wolfie/hmdcam/opencv-build/CMakeFiles/CMakeTmp/src.cxx'
    check option: ' -fsigned-char -W -Wall -Wreturn-type -Wnon-virtual-dtor -Waddress -Wsequence-point -Wformat -Wformat-security -Wmissing-declarations -Wundef -Winit-self -Wpointer-arith -Wshadow -Wsign-promo -Wuninitialized -Wsuggest-override -Wno-delete-non-virtual-dtor  -Wno-unnamed-type-template-args'
===== BUILD LOG =====
Change Dir: /home/wolfie/hmdcam/opencv-build/CMakeFiles/CMakeTmp

Run Build Command(s):/usr/bin/ninja cmTC_3e058 && [1/2] Building CXX object CMakeFiles/cmTC_3e058.dir/src.cxx.o
/home/wolfie/hmdcam/opencv-build/CMakeFiles/CMakeTmp/src.cxx:1: warning: ignoring ‘#pragma  ’ [-Wunknown-pragmas]
    1 | #pragma
      | 
cc1plus: note: unrecognized command-line option ‘-Wno-unnamed-type-template-args’ may have been intended to silence earlier diagnostics
[2/2] Linking CXX executable cmTC_3e058


===== END =====

Build output check failed:
    Regex: 'unrecognized .*option'
    Output line: 'cc1: note: unrecognized command-line option ‘-Wno-unnamed-type-template-args’ may have been intended to silence earlier diagnostics'
Compilation failed:
    source file: '/home/wolfie/hmdcam/opencv-build/CMakeFiles/CMakeTmp/src.c'
    check option: ' -fsigned-char -W -Wall -Wreturn-type -Waddress -Wsequence-point -Wformat -Wformat-security -Wmissing-declarations -Wmissing-prototypes -Wstrict-prototypes -Wundef -Winit-self -Wpointer-arith -Wshadow -Wuninitialized  -Wno-unnamed-type-template-args'
===== BUILD LOG =====
Change Dir: /home/wolfie/hmdcam/opencv-build/CMakeFiles/CMakeTmp

Run Build Command(s):/usr/bin/ninja cmTC_dc701 && [1/2] Building C object CMakeFiles/cmTC_dc701.dir/src.c.o
/home/wolfie/hmdcam/opencv-build/CMakeFiles/CMakeTmp/src.c:1: warning: ignoring ‘#pragma  ’ [-Wunknown-pragmas]
    1 | #pragma
      | 
cc1: note: unrecognized command-line option ‘-Wno-unnamed-type-template-args’ may have been intended to silence earlier diagnostics
[2/2] Linking C executable cmTC_dc701


===== END =====

Build output check failed:
    Regex: 'command[- ]line option .* is valid for .* but not for C'
    Output line: 'cc1: warning: command-line option ‘-fvisibility-inlines-hidden’ is valid for C++/ObjC++ but not for C'
Compilation failed:
    source file: '/home/wolfie/hmdcam/opencv-build/CMakeFiles/CMakeTmp/src.c'
    check option: ' -fsigned-char -W -Wall -Wreturn-type -Waddress -Wsequence-point -Wformat -Wformat-security -Wmissing-declarations -Wmissing-prototypes -Wstrict-prototypes -Wundef -Winit-self -Wpointer-arith -Wshadow -Wuninitialized -Wno-comment -Wimplicit-fallthrough=3 -Wno-strict-overflow -fdiagnostics-show-option -pthread -fomit-frame-pointer -ffunction-sections -fdata-sections    -fvisibility=hidden  -fvisibility-inlines-hidden'
===== BUILD LOG =====
Change Dir: /home/wolfie/hmdcam/opencv-build/CMakeFiles/CMakeTmp

Run Build Command(s):/usr/bin/ninja cmTC_3a979 && [1/2] Building C object CMakeFiles/cmTC_3a979.dir/src.c.o
cc1: warning: command-line option ‘-fvisibility-inlines-hidden’ is valid for C++/ObjC++ but not for C
/home/wolfie/hmdcam/opencv-build/CMakeFiles/CMakeTmp/src.c:1: warning: ignoring ‘#pragma  ’ [-Wunknown-pragmas]
    1 | #pragma
      | 
[2/2] Linking C executable cmTC_3a979


===== END =====

Build output check failed:
    Regex: 'unrecognized .*option'
    Output line: 'cc1: note: unrecognized command-line option ‘-Wno-implicit-const-int-float-conversion’ may have been intended to silence earlier diagnostics'
Compilation failed:
    source file: '/home/wolfie/hmdcam/opencv-build/CMakeFiles/CMakeTmp/src.c'
    check option: ' -Wno-implicit-const-int-float-conversion'
===== BUILD LOG =====
Change Dir: /home/wolfie/hmdcam/opencv-build/CMakeFiles/CMakeTmp

Run Build Command(s):/usr/bin/ninja cmTC_a3252 && [1/2] Building C object CMakeFiles/cmTC_a3252.dir/src.c.o
/home/wolfie/hmdcam/opencv-build/CMakeFiles/CMakeTmp/src.c:1: warning: ignoring ‘#pragma  ’ [-Wunknown-pragmas]
    1 | #pragma
      | 
cc1: note: unrecognized command-line option ‘-Wno-implicit-const-int-float-conversion’ may have been intended to silence earlier diagnostics
[2/2] Linking C executable cmTC_a3252


===== END =====

Build output check failed:
    Regex: 'unrecognized .*option'
    Output line: 'cc1: note: unrecognized command-line option ‘-Wno-documentation’ may have been intended to silence earlier diagnostics'
Compilation failed:
    source file: '/home/wolfie/hmdcam/opencv-build/CMakeFiles/CMakeTmp/src.c'
    check option: ' -Wno-documentation'
===== BUILD LOG =====
Change Dir: /home/wolfie/hmdcam/opencv-build/CMakeFiles/CMakeTmp

Run Build Command(s):/usr/bin/ninja cmTC_8aeb7 && [1/2] Building C object CMakeFiles/cmTC_8aeb7.dir/src.c.o
/home/wolfie/hmdcam/opencv-build/CMakeFiles/CMakeTmp/src.c:1: warning: ignoring ‘#pragma  ’ [-Wunknown-pragmas]
    1 | #pragma
      | 
cc1: note: unrecognized command-line option ‘-Wno-documentation’ may have been intended to silence earlier diagnostics
[2/2] Linking C executable cmTC_8aeb7


===== END =====

Determining if the _aligned_malloc exist failed with the following output:
Change Dir: /home/wolfie/hmdcam/opencv-build/CMakeFiles/CMakeTmp

Run Build Command(s):/usr/bin/ninja cmTC_819be && [1/2] Building C object CMakeFiles/cmTC_819be.dir/CheckSymbolExists.c.o
FAILED: CMakeFiles/cmTC_819be.dir/CheckSymbolExists.c.o 
/usr/bin/cc   -fsigned-char -W -Wall -Wreturn-type -Waddress -Wsequence-point -Wformat -Wformat-security -Wstrict-prototypes -Wundef -Winit-self -Wpointer-arith -Wshadow -Wuninitialized -Wno-comment -Wimplicit-fallthrough=3 -Wno-strict-overflow -fdiagnostics-show-option -pthread -fomit-frame-pointer -ffunction-sections -fdata-sections    -fvisibility=hidden -Wno-unused-but-set-variable -Wno-missing-prototypes -Wno-missing-declarations  -O3 -DNDEBUG  -DNDEBUG -fPIE -o CMakeFiles/cmTC_819be.dir/CheckSymbolExists.c.o -c /home/wolfie/hmdcam/opencv-build/CMakeFiles/CMakeTmp/CheckSymbolExists.c
/home/wolfie/hmdcam/opencv-build/CMakeFiles/CMakeTmp/CheckSymbolExists.c: In function ‘main’:
/home/wolfie/hmdcam/opencv-build/CMakeFiles/CMakeTmp/CheckSymbolExists.c:8:19: error: ‘_aligned_malloc’ undeclared (first use in this function)
    8 |   return ((int*)(&_aligned_malloc))[argc];
      |                   ^~~~~~~~~~~~~~~
/home/wolfie/hmdcam/opencv-build/CMakeFiles/CMakeTmp/CheckSymbolExists.c:8:19: note: each undeclared identifier is reported only once for each function it appears in
/home/wolfie/hmdcam/opencv-build/CMakeFiles/CMakeTmp/CheckSymbolExists.c:4:14: warning: parameter ‘argc’ set but not used [-Wunused-but-set-parameter]
    4 | int main(int argc, char** argv)
      |          ~~~~^~~~
ninja: build stopped: subcommand failed.


File /home/wolfie/hmdcam/opencv-build/CMakeFiles/CMakeTmp/CheckSymbolExists.c:
/* */
#include <malloc.h>

int main(int argc, char** argv)
{
  (void)argv;
#ifndef _aligned_malloc
  return ((int*)(&_aligned_malloc))[argc];
#else
  (void)argc;
  return 0;
#endif
}
Determining if the function sgemm_ exists failed with the following output:
Change Dir: /home/wolfie/hmdcam/opencv-build/CMakeFiles/CMakeTmp

Run Build Command(s):/usr/bin/ninja cmTC_d6a47 && [1/2] Building C object CMakeFiles/cmTC_d6a47.dir/CheckFunctionExists.c.o
[2/2] Linking C executable cmTC_d6a47
FAILED: cmTC_d6a47 
: && /usr/bin/cc -fsigned-char -W -Wall -Wreturn-type -Waddress -Wsequence-point -Wformat -Wformat-security -Wmissing-declarations -Wmissing-prototypes -Wstrict-prototypes -Wundef -Winit-self -Wpointer-arith -Wshadow -Wuninitialized -Wno-comment -Wimplicit-fallthrough=3 -Wno-strict-overflow -fdiagnostics-show-option -pthread -fomit-frame-pointer -ffunction-sections -fdata-sections    -fvisibility=hidden -DCHECK_FUNCTION_EXISTS=sgemm_ -O3 -DNDEBUG  -DNDEBUG -Wl,--gc-sections -Wl,--as-needed -Wl,--no-undefined CMakeFiles/cmTC_d6a47.dir/CheckFunctionExists.c.o -o cmTC_d6a47   && :
/usr/bin/ld: CMakeFiles/cmTC_d6a47.dir/CheckFunctionExists.c.o: in function `main':
CheckFunctionExists.c:(.text.startup.main+0x10): undefined reference to `sgemm_'
collect2: error: ld returned 1 exit status
ninja: build stopped: subcommand failed.



Build output check failed:
    Regex: 'command[- ]line option .* is valid for .* but not for C\+\+'
    Output line: 'cc1plus: warning: command-line option ‘-Wno-missing-prototypes’ is valid for C/ObjC but not for C++'
Compilation failed:
    source file: '/home/wolfie/hmdcam/opencv-build/CMakeFiles/CMakeTmp/src.cxx'
    check option: ' -Wno-missing-prototypes'
===== BUILD LOG =====
Change Dir: /home/wolfie/hmdcam/opencv-build/CMakeFiles/CMakeTmp

Run Build Command(s):/usr/bin/ninja cmTC_40501 && [1/2] Building CXX object CMakeFiles/cmTC_40501.dir/src.cxx.o
cc1plus: warning: command-line option ‘-Wno-missing-prototypes’ is valid for C/ObjC but not for C++
/home/wolfie/hmdcam/opencv-build/CMakeFiles/CMakeTmp/src.cxx:1: warning: ignoring ‘#pragma  ’ [-Wunknown-pragmas]
    1 | #pragma
      | 
[2/2] Linking CXX executable cmTC_40501


===== END =====

Build output check failed:
    Regex: 'unrecognized .*option'
    Output line: 'cc1plus: note: unrecognized command-line option ‘-Wno-tautological-undefined-compare’ may have been intended to silence earlier diagnostics'
Compilation failed:
    source file: '/home/wolfie/hmdcam/opencv-build/CMakeFiles/CMakeTmp/src.cxx'
    check option: ' -Wno-tautological-undefined-compare'
===== BUILD LOG =====
Change Dir: /home/wolfie/hmdcam/opencv-build/CMakeFiles/CMakeTmp

Run Build Command(s):/usr/bin/ninja cmTC_fb2f6 && [1/2] Building CXX object CMakeFiles/cmTC_fb2f6.dir/src.cxx.o
/home/wolfie/hmdcam/opencv-build/CMakeFiles/CMakeTmp/src.cxx:1: warning: ignoring ‘#pragma  ’ [-Wunknown-pragmas]
    1 | #pragma
      | 
cc1plus: note: unrecognized command-line option ‘-Wno-tautological-undefined-compare’ may have been intended to silence earlier diagnostics
[2/2] Linking CXX executable cmTC_fb2f6


===== END =====

Build output check failed:
    Regex: 'unrecognized .*option'
    Output line: 'cc1plus: note: unrecognized command-line option ‘-Wno-shorten-64-to-32’ may have been intended to silence earlier diagnostics'
Compilation failed:
    source file: '/home/wolfie/hmdcam/opencv-build/CMakeFiles/CMakeTmp/src.cxx'
    check option: ' -Wno-shorten-64-to-32'
===== BUILD LOG =====
Change Dir: /home/wolfie/hmdcam/opencv-build/CMakeFiles/CMakeTmp

Run Build Command(s):/usr/bin/ninja cmTC_d1333 && [1/2] Building CXX object CMakeFiles/cmTC_d1333.dir/src.cxx.o
/home/wolfie/hmdcam/opencv-build/CMakeFiles/CMakeTmp/src.cxx:1: warning: ignoring ‘#pragma  ’ [-Wunknown-pragmas]
    1 | #pragma
      | 
cc1plus: note: unrecognized command-line option ‘-Wno-shorten-64-to-32’ may have been intended to silence earlier diagnostics
[2/2] Linking CXX executable cmTC_d1333


===== END =====

Build output check failed:
    Regex: 'unrecognized .*option'
    Output line: 'cc1plus: note: unrecognized command-line option ‘-Wno-enum-compare-switch’ may have been intended to silence earlier diagnostics'
Compilation failed:
    source file: '/home/wolfie/hmdcam/opencv-build/CMakeFiles/CMakeTmp/src.cxx'
    check option: ' -Wno-enum-compare-switch'
===== BUILD LOG =====
Change Dir: /home/wolfie/hmdcam/opencv-build/CMakeFiles/CMakeTmp

Run Build Command(s):/usr/bin/ninja cmTC_a9345 && [1/2] Building CXX object CMakeFiles/cmTC_a9345.dir/src.cxx.o
/home/wolfie/hmdcam/opencv-build/CMakeFiles/CMakeTmp/src.cxx:1: warning: ignoring ‘#pragma  ’ [-Wunknown-pragmas]
    1 | #pragma
      | 
cc1plus: note: unrecognized command-line option ‘-Wno-enum-compare-switch’ may have been intended to silence earlier diagnostics
[2/2] Linking CXX executable cmTC_a9345


===== END =====

Build output check failed:
    Regex: 'unrecognized .*option'
    Output line: 'cc1plus: note: unrecognized command-line option ‘-Wno-inconsistent-missing-override’ may have been intended to silence earlier diagnostics'
Compilation failed:
    source file: '/home/wolfie/hmdcam/opencv-build/CMakeFiles/CMakeTmp/src.cxx'
    check option: ' -Wno-inconsistent-missing-override'
===== BUILD LOG =====
Change Dir: /home/wolfie/hmdcam/opencv-build/CMakeFiles/CMakeTmp

Run Build Command(s):/usr/bin/ninja cmTC_ff74c && [1/2] Building CXX object CMakeFiles/cmTC_ff74c.dir/src.cxx.o
/home/wolfie/hmdcam/opencv-build/CMakeFiles/CMakeTmp/src.cxx:1: warning: ignoring ‘#pragma  ’ [-Wunknown-pragmas]
    1 | #pragma
      | 
cc1plus: note: unrecognized command-line option ‘-Wno-inconsistent-missing-override’ may have been intended to silence earlier diagnostics
[2/2] Linking CXX executable cmTC_ff74c


===== END =====

Build output check failed:
    Regex: 'unrecognized .*option'
    Output line: 'cc1plus: note: unrecognized command-line option ‘-Wno-comma’ may have been intended to silence earlier diagnostics'
Compilation failed:
    source file: '/home/wolfie/hmdcam/opencv-build/CMakeFiles/CMakeTmp/src.cxx'
    check option: ' -Wno-comma'
===== BUILD LOG =====
Change Dir: /home/wolfie/hmdcam/opencv-build/CMakeFiles/CMakeTmp

Run Build Command(s):/usr/bin/ninja cmTC_2dfa3 && [1/2] Building CXX object CMakeFiles/cmTC_2dfa3.dir/src.cxx.o
/home/wolfie/hmdcam/opencv-build/CMakeFiles/CMakeTmp/src.cxx:1: warning: ignoring ‘#pragma  ’ [-Wunknown-pragmas]
    1 | #pragma
      | 
cc1plus: note: unrecognized command-line option ‘-Wno-comma’ may have been intended to silence earlier diagnostics
[2/2] Linking CXX executable cmTC_2dfa3


===== END =====

Determining if the include file sys/videoio.h exists failed with the following output:
Change Dir: /home/wolfie/hmdcam/opencv-build/CMakeFiles/CMakeTmp

Run Build Command(s):/usr/bin/ninja cmTC_7ee99 && [1/2] Building C object CMakeFiles/cmTC_7ee99.dir/CheckIncludeFile.c.o
FAILED: CMakeFiles/cmTC_7ee99.dir/CheckIncludeFile.c.o 
/usr/bin/cc   -fsigned-char -W -Wall -Wreturn-type -Waddress -Wsequence-point -Wformat -Wformat-security -Wmissing-declarations -Wmissing-prototypes -Wstrict-prototypes -Wundef -Winit-self -Wpointer-arith -Wshadow -Wuninitialized -Wno-comment -Wimplicit-fallthrough=3 -Wno-strict-overflow -fdiagnostics-show-option -pthread -fomit-frame-pointer -ffunction-sections -fdata-sections    -fvisibility=hidden  -O3 -DNDEBUG  -DNDEBUG -fPIE -o CMakeFiles/cmTC_7ee99.dir/CheckIncludeFile.c.o -c /home/wolfie/hmdcam/opencv-build/CMakeFiles/CMakeTmp/CheckIncludeFile.c
/home/wolfie/hmdcam/opencv-build/CMakeFiles/CMakeTmp/CheckIncludeFile.c:1:10: fatal error: sys/videoio.h: No such file or directory
    1 | #include <sys/videoio.h>
      |          ^~~~~~~~~~~~~~~
compilation terminated.
ninja: build stopped: subcommand failed.



